The system is: Linux - 3.5.0-27-generic - x86_64
Compiling the C compiler identification source file "CMakeCCompilerId.c" succeeded.
Compiler: /usr/bin/gcc 
Build flags: 
Id flags: 

The output was:
0


Compilation of the C compiler identification source "CMakeCCompilerId.c" produced "a.out"

The C compiler identification is GNU, found in "/home/ares/Developer/speed-dream-2.0/speed/build/CMakeFiles/CompilerIdC/a.out"

Compiling the CXX compiler identification source file "CMakeCXXCompilerId.cpp" succeeded.
Compiler: /usr/bin/c++ 
Build flags: 
Id flags: 

The output was:
0


Compilation of the CXX compiler identification source "CMakeCXXCompilerId.cpp" produced "a.out"

The CXX compiler identification is GNU, found in "/home/ares/Developer/speed-dream-2.0/speed/build/CMakeFiles/CompilerIdCXX/a.out"

Determining if the C compiler works passed with the following output:
Change Dir: /home/ares/Developer/speed-dream-2.0/speed/build/CMakeFiles/CMakeTmp

Run Build Command:/usr/bin/gmake "cmTryCompileExec2907844925/fast"
/usr/bin/gmake -f CMakeFiles/cmTryCompileExec2907844925.dir/build.make CMakeFiles/cmTryCompileExec2907844925.dir/build
gmake[1]: Entering directory `/home/ares/Developer/speed-dream-2.0/speed/build/CMakeFiles/CMakeTmp'
/usr/bin/cmake -E cmake_progress_report /home/ares/Developer/speed-dream-2.0/speed/build/CMakeFiles/CMakeTmp/CMakeFiles 1
Building C object CMakeFiles/cmTryCompileExec2907844925.dir/testCCompiler.c.o
/usr/bin/gcc    -o CMakeFiles/cmTryCompileExec2907844925.dir/testCCompiler.c.o   -c /home/ares/Developer/speed-dream-2.0/speed/build/CMakeFiles/CMakeTmp/testCCompiler.c
Linking C executable cmTryCompileExec2907844925
/usr/bin/cmake -E cmake_link_script CMakeFiles/cmTryCompileExec2907844925.dir/link.txt --verbose=1
/usr/bin/gcc         CMakeFiles/cmTryCompileExec2907844925.dir/testCCompiler.c.o  -o cmTryCompileExec2907844925 -rdynamic 
gmake[1]: Leaving directory `/home/ares/Developer/speed-dream-2.0/speed/build/CMakeFiles/CMakeTmp'


Detecting C compiler ABI info compiled with the following output:
Change Dir: /home/ares/Developer/speed-dream-2.0/speed/build/CMakeFiles/CMakeTmp

Run Build Command:/usr/bin/gmake "cmTryCompileExec2806089341/fast"
/usr/bin/gmake -f CMakeFiles/cmTryCompileExec2806089341.dir/build.make CMakeFiles/cmTryCompileExec2806089341.dir/build
gmake[1]: Entering directory `/home/ares/Developer/speed-dream-2.0/speed/build/CMakeFiles/CMakeTmp'
/usr/bin/cmake -E cmake_progress_report /home/ares/Developer/speed-dream-2.0/speed/build/CMakeFiles/CMakeTmp/CMakeFiles 1
Building C object CMakeFiles/cmTryCompileExec2806089341.dir/CMakeCCompilerABI.c.o
/usr/bin/gcc    -o CMakeFiles/cmTryCompileExec2806089341.dir/CMakeCCompilerABI.c.o   -c /usr/share/cmake-2.8/Modules/CMakeCCompilerABI.c
Linking C executable cmTryCompileExec2806089341
/usr/bin/cmake -E cmake_link_script CMakeFiles/cmTryCompileExec2806089341.dir/link.txt --verbose=1
/usr/bin/gcc       -v CMakeFiles/cmTryCompileExec2806089341.dir/CMakeCCompilerABI.c.o  -o cmTryCompileExec2806089341 -rdynamic  
Using built-in specs.
COLLECT_GCC=/usr/bin/gcc
COLLECT_LTO_WRAPPER=/usr/lib/gcc/x86_64-linux-gnu/4.7/lto-wrapper
Target: x86_64-linux-gnu
Configured with: ../src/configure -v --with-pkgversion='Ubuntu/Linaro 4.7.2-2ubuntu1' --with-bugurl=file:///usr/share/doc/gcc-4.7/README.Bugs --enable-languages=c,c++,go,fortran,objc,obj-c++ --prefix=/usr --program-suffix=-4.7 --enable-shared --enable-linker-build-id --with-system-zlib --libexecdir=/usr/lib --without-included-gettext --enable-threads=posix --with-gxx-include-dir=/usr/include/c++/4.7 --libdir=/usr/lib --enable-nls --with-sysroot=/ --enable-clocale=gnu --enable-libstdcxx-debug --enable-libstdcxx-time=yes --enable-gnu-unique-object --enable-plugin --enable-objc-gc --disable-werror --with-arch-32=i686 --with-tune=generic --enable-checking=release --build=x86_64-linux-gnu --host=x86_64-linux-gnu --target=x86_64-linux-gnu
Thread model: posix
gcc version 4.7.2 (Ubuntu/Linaro 4.7.2-2ubuntu1) 
COMPILER_PATH=/usr/lib/gcc/x86_64-linux-gnu/4.7/:/usr/lib/gcc/x86_64-linux-gnu/4.7/:/usr/lib/gcc/x86_64-linux-gnu/:/usr/lib/gcc/x86_64-linux-gnu/4.7/:/usr/lib/gcc/x86_64-linux-gnu/
LIBRARY_PATH=/usr/lib/gcc/x86_64-linux-gnu/4.7/:/usr/lib/gcc/x86_64-linux-gnu/4.7/../../../x86_64-linux-gnu/:/usr/lib/gcc/x86_64-linux-gnu/4.7/../../../../lib/:/lib/x86_64-linux-gnu/:/lib/../lib/:/usr/lib/x86_64-linux-gnu/:/usr/lib/../lib/:/usr/lib/gcc/x86_64-linux-gnu/4.7/../../../:/lib/:/usr/lib/
COLLECT_GCC_OPTIONS='-v' '-o' 'cmTryCompileExec2806089341' '-rdynamic' '-mtune=generic' '-march=x86-64'
 /usr/lib/gcc/x86_64-linux-gnu/4.7/collect2 --sysroot=/ --build-id --no-add-needed --as-needed --eh-frame-hdr -m elf_x86_64 --hash-style=gnu -export-dynamic -dynamic-linker /lib64/ld-linux-x86-64.so.2 -z relro -o cmTryCompileExec2806089341 /usr/lib/gcc/x86_64-linux-gnu/4.7/../../../x86_64-linux-gnu/crt1.o /usr/lib/gcc/x86_64-linux-gnu/4.7/../../../x86_64-linux-gnu/crti.o /usr/lib/gcc/x86_64-linux-gnu/4.7/crtbegin.o -L/usr/lib/gcc/x86_64-linux-gnu/4.7 -L/usr/lib/gcc/x86_64-linux-gnu/4.7/../../../x86_64-linux-gnu -L/usr/lib/gcc/x86_64-linux-gnu/4.7/../../../../lib -L/lib/x86_64-linux-gnu -L/lib/../lib -L/usr/lib/x86_64-linux-gnu -L/usr/lib/../lib -L/usr/lib/gcc/x86_64-linux-gnu/4.7/../../.. CMakeFiles/cmTryCompileExec2806089341.dir/CMakeCCompilerABI.c.o -lgcc --as-needed -lgcc_s --no-as-needed -lc -lgcc --as-needed -lgcc_s --no-as-needed /usr/lib/gcc/x86_64-linux-gnu/4.7/crtend.o /usr/lib/gcc/x86_64-linux-gnu/4.7/../../../x86_64-linux-gnu/crtn.o
gmake[1]: Leaving directory `/home/ares/Developer/speed-dream-2.0/speed/build/CMakeFiles/CMakeTmp'


Parsed C implicit link information from above output:
  link line regex: [^( *|.*[/\])(ld|ld|collect2)[^/\]*( |$)]
  ignore line: [Change Dir: /home/ares/Developer/speed-dream-2.0/speed/build/CMakeFiles/CMakeTmp]
  ignore line: []
  ignore line: [Run Build Command:/usr/bin/gmake "cmTryCompileExec2806089341/fast"]
  ignore line: [/usr/bin/gmake -f CMakeFiles/cmTryCompileExec2806089341.dir/build.make CMakeFiles/cmTryCompileExec2806089341.dir/build]
  ignore line: [gmake[1]: Entering directory `/home/ares/Developer/speed-dream-2.0/speed/build/CMakeFiles/CMakeTmp']
  ignore line: [/usr/bin/cmake -E cmake_progress_report /home/ares/Developer/speed-dream-2.0/speed/build/CMakeFiles/CMakeTmp/CMakeFiles 1]
  ignore line: [Building C object CMakeFiles/cmTryCompileExec2806089341.dir/CMakeCCompilerABI.c.o]
  ignore line: [/usr/bin/gcc    -o CMakeFiles/cmTryCompileExec2806089341.dir/CMakeCCompilerABI.c.o   -c /usr/share/cmake-2.8/Modules/CMakeCCompilerABI.c]
  ignore line: [Linking C executable cmTryCompileExec2806089341]
  ignore line: [/usr/bin/cmake -E cmake_link_script CMakeFiles/cmTryCompileExec2806089341.dir/link.txt --verbose=1]
  ignore line: [/usr/bin/gcc       -v CMakeFiles/cmTryCompileExec2806089341.dir/CMakeCCompilerABI.c.o  -o cmTryCompileExec2806089341 -rdynamic  ]
  ignore line: [Using built-in specs.]
  ignore line: [COLLECT_GCC=/usr/bin/gcc]
  ignore line: [COLLECT_LTO_WRAPPER=/usr/lib/gcc/x86_64-linux-gnu/4.7/lto-wrapper]
  ignore line: [Target: x86_64-linux-gnu]
  ignore line: [Configured with: ../src/configure -v --with-pkgversion='Ubuntu/Linaro 4.7.2-2ubuntu1' --with-bugurl=file:///usr/share/doc/gcc-4.7/README.Bugs --enable-languages=c,c++,go,fortran,objc,obj-c++ --prefix=/usr --program-suffix=-4.7 --enable-shared --enable-linker-build-id --with-system-zlib --libexecdir=/usr/lib --without-included-gettext --enable-threads=posix --with-gxx-include-dir=/usr/include/c++/4.7 --libdir=/usr/lib --enable-nls --with-sysroot=/ --enable-clocale=gnu --enable-libstdcxx-debug --enable-libstdcxx-time=yes --enable-gnu-unique-object --enable-plugin --enable-objc-gc --disable-werror --with-arch-32=i686 --with-tune=generic --enable-checking=release --build=x86_64-linux-gnu --host=x86_64-linux-gnu --target=x86_64-linux-gnu]
  ignore line: [Thread model: posix]
  ignore line: [gcc version 4.7.2 (Ubuntu/Linaro 4.7.2-2ubuntu1) ]
  ignore line: [COMPILER_PATH=/usr/lib/gcc/x86_64-linux-gnu/4.7/:/usr/lib/gcc/x86_64-linux-gnu/4.7/:/usr/lib/gcc/x86_64-linux-gnu/:/usr/lib/gcc/x86_64-linux-gnu/4.7/:/usr/lib/gcc/x86_64-linux-gnu/]
  ignore line: [LIBRARY_PATH=/usr/lib/gcc/x86_64-linux-gnu/4.7/:/usr/lib/gcc/x86_64-linux-gnu/4.7/../../../x86_64-linux-gnu/:/usr/lib/gcc/x86_64-linux-gnu/4.7/../../../../lib/:/lib/x86_64-linux-gnu/:/lib/../lib/:/usr/lib/x86_64-linux-gnu/:/usr/lib/../lib/:/usr/lib/gcc/x86_64-linux-gnu/4.7/../../../:/lib/:/usr/lib/]
  ignore line: [COLLECT_GCC_OPTIONS='-v' '-o' 'cmTryCompileExec2806089341' '-rdynamic' '-mtune=generic' '-march=x86-64']
  link line: [ /usr/lib/gcc/x86_64-linux-gnu/4.7/collect2 --sysroot=/ --build-id --no-add-needed --as-needed --eh-frame-hdr -m elf_x86_64 --hash-style=gnu -export-dynamic -dynamic-linker /lib64/ld-linux-x86-64.so.2 -z relro -o cmTryCompileExec2806089341 /usr/lib/gcc/x86_64-linux-gnu/4.7/../../../x86_64-linux-gnu/crt1.o /usr/lib/gcc/x86_64-linux-gnu/4.7/../../../x86_64-linux-gnu/crti.o /usr/lib/gcc/x86_64-linux-gnu/4.7/crtbegin.o -L/usr/lib/gcc/x86_64-linux-gnu/4.7 -L/usr/lib/gcc/x86_64-linux-gnu/4.7/../../../x86_64-linux-gnu -L/usr/lib/gcc/x86_64-linux-gnu/4.7/../../../../lib -L/lib/x86_64-linux-gnu -L/lib/../lib -L/usr/lib/x86_64-linux-gnu -L/usr/lib/../lib -L/usr/lib/gcc/x86_64-linux-gnu/4.7/../../.. CMakeFiles/cmTryCompileExec2806089341.dir/CMakeCCompilerABI.c.o -lgcc --as-needed -lgcc_s --no-as-needed -lc -lgcc --as-needed -lgcc_s --no-as-needed /usr/lib/gcc/x86_64-linux-gnu/4.7/crtend.o /usr/lib/gcc/x86_64-linux-gnu/4.7/../../../x86_64-linux-gnu/crtn.o]
    arg [/usr/lib/gcc/x86_64-linux-gnu/4.7/collect2] ==> ignore
    arg [--sysroot=/] ==> ignore
    arg [--build-id] ==> ignore
    arg [--no-add-needed] ==> ignore
    arg [--as-needed] ==> ignore
    arg [--eh-frame-hdr] ==> ignore
    arg [-m] ==> ignore
    arg [elf_x86_64] ==> ignore
    arg [--hash-style=gnu] ==> ignore
    arg [-export-dynamic] ==> ignore
    arg [-dynamic-linker] ==> ignore
    arg [/lib64/ld-linux-x86-64.so.2] ==> ignore
    arg [-zrelro] ==> ignore
    arg [-o] ==> ignore
    arg [cmTryCompileExec2806089341] ==> ignore
    arg [/usr/lib/gcc/x86_64-linux-gnu/4.7/../../../x86_64-linux-gnu/crt1.o] ==> ignore
    arg [/usr/lib/gcc/x86_64-linux-gnu/4.7/../../../x86_64-linux-gnu/crti.o] ==> ignore
    arg [/usr/lib/gcc/x86_64-linux-gnu/4.7/crtbegin.o] ==> ignore
    arg [-L/usr/lib/gcc/x86_64-linux-gnu/4.7] ==> dir [/usr/lib/gcc/x86_64-linux-gnu/4.7]
    arg [-L/usr/lib/gcc/x86_64-linux-gnu/4.7/../../../x86_64-linux-gnu] ==> dir [/usr/lib/gcc/x86_64-linux-gnu/4.7/../../../x86_64-linux-gnu]
    arg [-L/usr/lib/gcc/x86_64-linux-gnu/4.7/../../../../lib] ==> dir [/usr/lib/gcc/x86_64-linux-gnu/4.7/../../../../lib]
    arg [-L/lib/x86_64-linux-gnu] ==> dir [/lib/x86_64-linux-gnu]
    arg [-L/lib/../lib] ==> dir [/lib/../lib]
    arg [-L/usr/lib/x86_64-linux-gnu] ==> dir [/usr/lib/x86_64-linux-gnu]
    arg [-L/usr/lib/../lib] ==> dir [/usr/lib/../lib]
    arg [-L/usr/lib/gcc/x86_64-linux-gnu/4.7/../../..] ==> dir [/usr/lib/gcc/x86_64-linux-gnu/4.7/../../..]
    arg [CMakeFiles/cmTryCompileExec2806089341.dir/CMakeCCompilerABI.c.o] ==> ignore
    arg [-lgcc] ==> lib [gcc]
    arg [--as-needed] ==> ignore
    arg [-lgcc_s] ==> lib [gcc_s]
    arg [--no-as-needed] ==> ignore
    arg [-lc] ==> lib [c]
    arg [-lgcc] ==> lib [gcc]
    arg [--as-needed] ==> ignore
    arg [-lgcc_s] ==> lib [gcc_s]
    arg [--no-as-needed] ==> ignore
    arg [/usr/lib/gcc/x86_64-linux-gnu/4.7/crtend.o] ==> ignore
    arg [/usr/lib/gcc/x86_64-linux-gnu/4.7/../../../x86_64-linux-gnu/crtn.o] ==> ignore
  remove lib [gcc]
  remove lib [gcc_s]
  remove lib [gcc]
  remove lib [gcc_s]
  collapse dir [/usr/lib/gcc/x86_64-linux-gnu/4.7] ==> [/usr/lib/gcc/x86_64-linux-gnu/4.7]
  collapse dir [/usr/lib/gcc/x86_64-linux-gnu/4.7/../../../x86_64-linux-gnu] ==> [/usr/lib/x86_64-linux-gnu]
  collapse dir [/usr/lib/gcc/x86_64-linux-gnu/4.7/../../../../lib] ==> [/usr/lib]
  collapse dir [/lib/x86_64-linux-gnu] ==> [/lib/x86_64-linux-gnu]
  collapse dir [/lib/../lib] ==> [/lib]
  collapse dir [/usr/lib/x86_64-linux-gnu] ==> [/usr/lib/x86_64-linux-gnu]
  collapse dir [/usr/lib/../lib] ==> [/usr/lib]
  collapse dir [/usr/lib/gcc/x86_64-linux-gnu/4.7/../../..] ==> [/usr/lib]
  implicit libs: [c]
  implicit dirs: [/usr/lib/gcc/x86_64-linux-gnu/4.7;/usr/lib/x86_64-linux-gnu;/usr/lib;/lib/x86_64-linux-gnu;/lib]


Determining if the CXX compiler works passed with the following output:
Change Dir: /home/ares/Developer/speed-dream-2.0/speed/build/CMakeFiles/CMakeTmp

Run Build Command:/usr/bin/gmake "cmTryCompileExec4105937493/fast"
/usr/bin/gmake -f CMakeFiles/cmTryCompileExec4105937493.dir/build.make CMakeFiles/cmTryCompileExec4105937493.dir/build
gmake[1]: Entering directory `/home/ares/Developer/speed-dream-2.0/speed/build/CMakeFiles/CMakeTmp'
/usr/bin/cmake -E cmake_progress_report /home/ares/Developer/speed-dream-2.0/speed/build/CMakeFiles/CMakeTmp/CMakeFiles 1
Building CXX object CMakeFiles/cmTryCompileExec4105937493.dir/testCXXCompiler.cxx.o
/usr/bin/c++     -o CMakeFiles/cmTryCompileExec4105937493.dir/testCXXCompiler.cxx.o -c /home/ares/Developer/speed-dream-2.0/speed/build/CMakeFiles/CMakeTmp/testCXXCompiler.cxx
Linking CXX executable cmTryCompileExec4105937493
/usr/bin/cmake -E cmake_link_script CMakeFiles/cmTryCompileExec4105937493.dir/link.txt --verbose=1
/usr/bin/c++          CMakeFiles/cmTryCompileExec4105937493.dir/testCXXCompiler.cxx.o  -o cmTryCompileExec4105937493 -rdynamic 
gmake[1]: Leaving directory `/home/ares/Developer/speed-dream-2.0/speed/build/CMakeFiles/CMakeTmp'


Detecting CXX compiler ABI info compiled with the following output:
Change Dir: /home/ares/Developer/speed-dream-2.0/speed/build/CMakeFiles/CMakeTmp

Run Build Command:/usr/bin/gmake "cmTryCompileExec3741674808/fast"
/usr/bin/gmake -f CMakeFiles/cmTryCompileExec3741674808.dir/build.make CMakeFiles/cmTryCompileExec3741674808.dir/build
gmake[1]: Entering directory `/home/ares/Developer/speed-dream-2.0/speed/build/CMakeFiles/CMakeTmp'
/usr/bin/cmake -E cmake_progress_report /home/ares/Developer/speed-dream-2.0/speed/build/CMakeFiles/CMakeTmp/CMakeFiles 1
Building CXX object CMakeFiles/cmTryCompileExec3741674808.dir/CMakeCXXCompilerABI.cpp.o
/usr/bin/c++     -o CMakeFiles/cmTryCompileExec3741674808.dir/CMakeCXXCompilerABI.cpp.o -c /usr/share/cmake-2.8/Modules/CMakeCXXCompilerABI.cpp
Linking CXX executable cmTryCompileExec3741674808
/usr/bin/cmake -E cmake_link_script CMakeFiles/cmTryCompileExec3741674808.dir/link.txt --verbose=1
/usr/bin/c++        -v CMakeFiles/cmTryCompileExec3741674808.dir/CMakeCXXCompilerABI.cpp.o  -o cmTryCompileExec3741674808 -rdynamic  
Using built-in specs.
COLLECT_GCC=/usr/bin/c++
COLLECT_LTO_WRAPPER=/usr/lib/gcc/x86_64-linux-gnu/4.7/lto-wrapper
Target: x86_64-linux-gnu
Configured with: ../src/configure -v --with-pkgversion='Ubuntu/Linaro 4.7.2-2ubuntu1' --with-bugurl=file:///usr/share/doc/gcc-4.7/README.Bugs --enable-languages=c,c++,go,fortran,objc,obj-c++ --prefix=/usr --program-suffix=-4.7 --enable-shared --enable-linker-build-id --with-system-zlib --libexecdir=/usr/lib --without-included-gettext --enable-threads=posix --with-gxx-include-dir=/usr/include/c++/4.7 --libdir=/usr/lib --enable-nls --with-sysroot=/ --enable-clocale=gnu --enable-libstdcxx-debug --enable-libstdcxx-time=yes --enable-gnu-unique-object --enable-plugin --enable-objc-gc --disable-werror --with-arch-32=i686 --with-tune=generic --enable-checking=release --build=x86_64-linux-gnu --host=x86_64-linux-gnu --target=x86_64-linux-gnu
Thread model: posix
gcc version 4.7.2 (Ubuntu/Linaro 4.7.2-2ubuntu1) 
COMPILER_PATH=/usr/lib/gcc/x86_64-linux-gnu/4.7/:/usr/lib/gcc/x86_64-linux-gnu/4.7/:/usr/lib/gcc/x86_64-linux-gnu/:/usr/lib/gcc/x86_64-linux-gnu/4.7/:/usr/lib/gcc/x86_64-linux-gnu/
LIBRARY_PATH=/usr/lib/gcc/x86_64-linux-gnu/4.7/:/usr/lib/gcc/x86_64-linux-gnu/4.7/../../../x86_64-linux-gnu/:/usr/lib/gcc/x86_64-linux-gnu/4.7/../../../../lib/:/lib/x86_64-linux-gnu/:/lib/../lib/:/usr/lib/x86_64-linux-gnu/:/usr/lib/../lib/:/usr/lib/gcc/x86_64-linux-gnu/4.7/../../../:/lib/:/usr/lib/
COLLECT_GCC_OPTIONS='-v' '-o' 'cmTryCompileExec3741674808' '-rdynamic' '-shared-libgcc' '-mtune=generic' '-march=x86-64'
 /usr/lib/gcc/x86_64-linux-gnu/4.7/collect2 --sysroot=/ --build-id --no-add-needed --as-needed --eh-frame-hdr -m elf_x86_64 --hash-style=gnu -export-dynamic -dynamic-linker /lib64/ld-linux-x86-64.so.2 -z relro -o cmTryCompileExec3741674808 /usr/lib/gcc/x86_64-linux-gnu/4.7/../../../x86_64-linux-gnu/crt1.o /usr/lib/gcc/x86_64-linux-gnu/4.7/../../../x86_64-linux-gnu/crti.o /usr/lib/gcc/x86_64-linux-gnu/4.7/crtbegin.o -L/usr/lib/gcc/x86_64-linux-gnu/4.7 -L/usr/lib/gcc/x86_64-linux-gnu/4.7/../../../x86_64-linux-gnu -L/usr/lib/gcc/x86_64-linux-gnu/4.7/../../../../lib -L/lib/x86_64-linux-gnu -L/lib/../lib -L/usr/lib/x86_64-linux-gnu -L/usr/lib/../lib -L/usr/lib/gcc/x86_64-linux-gnu/4.7/../../.. CMakeFiles/cmTryCompileExec3741674808.dir/CMakeCXXCompilerABI.cpp.o -lstdc++ -lm -lgcc_s -lgcc -lc -lgcc_s -lgcc /usr/lib/gcc/x86_64-linux-gnu/4.7/crtend.o /usr/lib/gcc/x86_64-linux-gnu/4.7/../../../x86_64-linux-gnu/crtn.o
gmake[1]: Leaving directory `/home/ares/Developer/speed-dream-2.0/speed/build/CMakeFiles/CMakeTmp'


Parsed CXX implicit link information from above output:
  link line regex: [^( *|.*[/\])(ld|ld|collect2)[^/\]*( |$)]
  ignore line: [Change Dir: /home/ares/Developer/speed-dream-2.0/speed/build/CMakeFiles/CMakeTmp]
  ignore line: []
  ignore line: [Run Build Command:/usr/bin/gmake "cmTryCompileExec3741674808/fast"]
  ignore line: [/usr/bin/gmake -f CMakeFiles/cmTryCompileExec3741674808.dir/build.make CMakeFiles/cmTryCompileExec3741674808.dir/build]
  ignore line: [gmake[1]: Entering directory `/home/ares/Developer/speed-dream-2.0/speed/build/CMakeFiles/CMakeTmp']
  ignore line: [/usr/bin/cmake -E cmake_progress_report /home/ares/Developer/speed-dream-2.0/speed/build/CMakeFiles/CMakeTmp/CMakeFiles 1]
  ignore line: [Building CXX object CMakeFiles/cmTryCompileExec3741674808.dir/CMakeCXXCompilerABI.cpp.o]
  ignore line: [/usr/bin/c++     -o CMakeFiles/cmTryCompileExec3741674808.dir/CMakeCXXCompilerABI.cpp.o -c /usr/share/cmake-2.8/Modules/CMakeCXXCompilerABI.cpp]
  ignore line: [Linking CXX executable cmTryCompileExec3741674808]
  ignore line: [/usr/bin/cmake -E cmake_link_script CMakeFiles/cmTryCompileExec3741674808.dir/link.txt --verbose=1]
  ignore line: [/usr/bin/c++        -v CMakeFiles/cmTryCompileExec3741674808.dir/CMakeCXXCompilerABI.cpp.o  -o cmTryCompileExec3741674808 -rdynamic  ]
  ignore line: [Using built-in specs.]
  ignore line: [COLLECT_GCC=/usr/bin/c++]
  ignore line: [COLLECT_LTO_WRAPPER=/usr/lib/gcc/x86_64-linux-gnu/4.7/lto-wrapper]
  ignore line: [Target: x86_64-linux-gnu]
  ignore line: [Configured with: ../src/configure -v --with-pkgversion='Ubuntu/Linaro 4.7.2-2ubuntu1' --with-bugurl=file:///usr/share/doc/gcc-4.7/README.Bugs --enable-languages=c,c++,go,fortran,objc,obj-c++ --prefix=/usr --program-suffix=-4.7 --enable-shared --enable-linker-build-id --with-system-zlib --libexecdir=/usr/lib --without-included-gettext --enable-threads=posix --with-gxx-include-dir=/usr/include/c++/4.7 --libdir=/usr/lib --enable-nls --with-sysroot=/ --enable-clocale=gnu --enable-libstdcxx-debug --enable-libstdcxx-time=yes --enable-gnu-unique-object --enable-plugin --enable-objc-gc --disable-werror --with-arch-32=i686 --with-tune=generic --enable-checking=release --build=x86_64-linux-gnu --host=x86_64-linux-gnu --target=x86_64-linux-gnu]
  ignore line: [Thread model: posix]
  ignore line: [gcc version 4.7.2 (Ubuntu/Linaro 4.7.2-2ubuntu1) ]
  ignore line: [COMPILER_PATH=/usr/lib/gcc/x86_64-linux-gnu/4.7/:/usr/lib/gcc/x86_64-linux-gnu/4.7/:/usr/lib/gcc/x86_64-linux-gnu/:/usr/lib/gcc/x86_64-linux-gnu/4.7/:/usr/lib/gcc/x86_64-linux-gnu/]
  ignore line: [LIBRARY_PATH=/usr/lib/gcc/x86_64-linux-gnu/4.7/:/usr/lib/gcc/x86_64-linux-gnu/4.7/../../../x86_64-linux-gnu/:/usr/lib/gcc/x86_64-linux-gnu/4.7/../../../../lib/:/lib/x86_64-linux-gnu/:/lib/../lib/:/usr/lib/x86_64-linux-gnu/:/usr/lib/../lib/:/usr/lib/gcc/x86_64-linux-gnu/4.7/../../../:/lib/:/usr/lib/]
  ignore line: [COLLECT_GCC_OPTIONS='-v' '-o' 'cmTryCompileExec3741674808' '-rdynamic' '-shared-libgcc' '-mtune=generic' '-march=x86-64']
  link line: [ /usr/lib/gcc/x86_64-linux-gnu/4.7/collect2 --sysroot=/ --build-id --no-add-needed --as-needed --eh-frame-hdr -m elf_x86_64 --hash-style=gnu -export-dynamic -dynamic-linker /lib64/ld-linux-x86-64.so.2 -z relro -o cmTryCompileExec3741674808 /usr/lib/gcc/x86_64-linux-gnu/4.7/../../../x86_64-linux-gnu/crt1.o /usr/lib/gcc/x86_64-linux-gnu/4.7/../../../x86_64-linux-gnu/crti.o /usr/lib/gcc/x86_64-linux-gnu/4.7/crtbegin.o -L/usr/lib/gcc/x86_64-linux-gnu/4.7 -L/usr/lib/gcc/x86_64-linux-gnu/4.7/../../../x86_64-linux-gnu -L/usr/lib/gcc/x86_64-linux-gnu/4.7/../../../../lib -L/lib/x86_64-linux-gnu -L/lib/../lib -L/usr/lib/x86_64-linux-gnu -L/usr/lib/../lib -L/usr/lib/gcc/x86_64-linux-gnu/4.7/../../.. CMakeFiles/cmTryCompileExec3741674808.dir/CMakeCXXCompilerABI.cpp.o -lstdc++ -lm -lgcc_s -lgcc -lc -lgcc_s -lgcc /usr/lib/gcc/x86_64-linux-gnu/4.7/crtend.o /usr/lib/gcc/x86_64-linux-gnu/4.7/../../../x86_64-linux-gnu/crtn.o]
    arg [/usr/lib/gcc/x86_64-linux-gnu/4.7/collect2] ==> ignore
    arg [--sysroot=/] ==> ignore
    arg [--build-id] ==> ignore
    arg [--no-add-needed] ==> ignore
    arg [--as-needed] ==> ignore
    arg [--eh-frame-hdr] ==> ignore
    arg [-m] ==> ignore
    arg [elf_x86_64] ==> ignore
    arg [--hash-style=gnu] ==> ignore
    arg [-export-dynamic] ==> ignore
    arg [-dynamic-linker] ==> ignore
    arg [/lib64/ld-linux-x86-64.so.2] ==> ignore
    arg [-zrelro] ==> ignore
    arg [-o] ==> ignore
    arg [cmTryCompileExec3741674808] ==> ignore
    arg [/usr/lib/gcc/x86_64-linux-gnu/4.7/../../../x86_64-linux-gnu/crt1.o] ==> ignore
    arg [/usr/lib/gcc/x86_64-linux-gnu/4.7/../../../x86_64-linux-gnu/crti.o] ==> ignore
    arg [/usr/lib/gcc/x86_64-linux-gnu/4.7/crtbegin.o] ==> ignore
    arg [-L/usr/lib/gcc/x86_64-linux-gnu/4.7] ==> dir [/usr/lib/gcc/x86_64-linux-gnu/4.7]
    arg [-L/usr/lib/gcc/x86_64-linux-gnu/4.7/../../../x86_64-linux-gnu] ==> dir [/usr/lib/gcc/x86_64-linux-gnu/4.7/../../../x86_64-linux-gnu]
    arg [-L/usr/lib/gcc/x86_64-linux-gnu/4.7/../../../../lib] ==> dir [/usr/lib/gcc/x86_64-linux-gnu/4.7/../../../../lib]
    arg [-L/lib/x86_64-linux-gnu] ==> dir [/lib/x86_64-linux-gnu]
    arg [-L/lib/../lib] ==> dir [/lib/../lib]
    arg [-L/usr/lib/x86_64-linux-gnu] ==> dir [/usr/lib/x86_64-linux-gnu]
    arg [-L/usr/lib/../lib] ==> dir [/usr/lib/../lib]
    arg [-L/usr/lib/gcc/x86_64-linux-gnu/4.7/../../..] ==> dir [/usr/lib/gcc/x86_64-linux-gnu/4.7/../../..]
    arg [CMakeFiles/cmTryCompileExec3741674808.dir/CMakeCXXCompilerABI.cpp.o] ==> ignore
    arg [-lstdc++] ==> lib [stdc++]
    arg [-lm] ==> lib [m]
    arg [-lgcc_s] ==> lib [gcc_s]
    arg [-lgcc] ==> lib [gcc]
    arg [-lc] ==> lib [c]
    arg [-lgcc_s] ==> lib [gcc_s]
    arg [-lgcc] ==> lib [gcc]
    arg [/usr/lib/gcc/x86_64-linux-gnu/4.7/crtend.o] ==> ignore
    arg [/usr/lib/gcc/x86_64-linux-gnu/4.7/../../../x86_64-linux-gnu/crtn.o] ==> ignore
  remove lib [gcc_s]
  remove lib [gcc]
  remove lib [gcc_s]
  remove lib [gcc]
  collapse dir [/usr/lib/gcc/x86_64-linux-gnu/4.7] ==> [/usr/lib/gcc/x86_64-linux-gnu/4.7]
  collapse dir [/usr/lib/gcc/x86_64-linux-gnu/4.7/../../../x86_64-linux-gnu] ==> [/usr/lib/x86_64-linux-gnu]
  collapse dir [/usr/lib/gcc/x86_64-linux-gnu/4.7/../../../../lib] ==> [/usr/lib]
  collapse dir [/lib/x86_64-linux-gnu] ==> [/lib/x86_64-linux-gnu]
  collapse dir [/lib/../lib] ==> [/lib]
  collapse dir [/usr/lib/x86_64-linux-gnu] ==> [/usr/lib/x86_64-linux-gnu]
  collapse dir [/usr/lib/../lib] ==> [/usr/lib]
  collapse dir [/usr/lib/gcc/x86_64-linux-gnu/4.7/../../..] ==> [/usr/lib]
  implicit libs: [stdc++;m;c]
  implicit dirs: [/usr/lib/gcc/x86_64-linux-gnu/4.7;/usr/lib/x86_64-linux-gnu;/usr/lib;/lib/x86_64-linux-gnu;/lib]


Determining if files inttypes.h exist passed with the following output:
Change Dir: /home/ares/Developer/speed-dream-2.0/speed/build/CMakeFiles/CMakeTmp

Run Build Command:/usr/bin/gmake "cmTryCompileExec3988349103/fast"
/usr/bin/gmake -f CMakeFiles/cmTryCompileExec3988349103.dir/build.make CMakeFiles/cmTryCompileExec3988349103.dir/build
gmake[1]: Entering directory `/home/ares/Developer/speed-dream-2.0/speed/build/CMakeFiles/CMakeTmp'
/usr/bin/cmake -E cmake_progress_report /home/ares/Developer/speed-dream-2.0/speed/build/CMakeFiles/CMakeTmp/CMakeFiles 1
Building C object CMakeFiles/cmTryCompileExec3988349103.dir/CheckIncludeFiles.c.o
/usr/bin/gcc   -Wall -Wextra -Wno-unused-parameter -Wno-missing-field-initializers     -o CMakeFiles/cmTryCompileExec3988349103.dir/CheckIncludeFiles.c.o   -c /home/ares/Developer/speed-dream-2.0/speed/build/CMakeFiles/CMakeTmp/CheckIncludeFiles.c
Linking C executable cmTryCompileExec3988349103
/usr/bin/cmake -E cmake_link_script CMakeFiles/cmTryCompileExec3988349103.dir/link.txt --verbose=1
/usr/bin/gcc    -Wall -Wextra -Wno-unused-parameter -Wno-missing-field-initializers      CMakeFiles/cmTryCompileExec3988349103.dir/CheckIncludeFiles.c.o  -o cmTryCompileExec3988349103 -rdynamic 
gmake[1]: Leaving directory `/home/ares/Developer/speed-dream-2.0/speed/build/CMakeFiles/CMakeTmp'


Determining if files memory.h exist passed with the following output:
Change Dir: /home/ares/Developer/speed-dream-2.0/speed/build/CMakeFiles/CMakeTmp

Run Build Command:/usr/bin/gmake "cmTryCompileExec1869662314/fast"
/usr/bin/gmake -f CMakeFiles/cmTryCompileExec1869662314.dir/build.make CMakeFiles/cmTryCompileExec1869662314.dir/build
gmake[1]: Entering directory `/home/ares/Developer/speed-dream-2.0/speed/build/CMakeFiles/CMakeTmp'
/usr/bin/cmake -E cmake_progress_report /home/ares/Developer/speed-dream-2.0/speed/build/CMakeFiles/CMakeTmp/CMakeFiles 1
Building C object CMakeFiles/cmTryCompileExec1869662314.dir/CheckIncludeFiles.c.o
/usr/bin/gcc   -Wall -Wextra -Wno-unused-parameter -Wno-missing-field-initializers     -o CMakeFiles/cmTryCompileExec1869662314.dir/CheckIncludeFiles.c.o   -c /home/ares/Developer/speed-dream-2.0/speed/build/CMakeFiles/CMakeTmp/CheckIncludeFiles.c
Linking C executable cmTryCompileExec1869662314
/usr/bin/cmake -E cmake_link_script CMakeFiles/cmTryCompileExec1869662314.dir/link.txt --verbose=1
/usr/bin/gcc    -Wall -Wextra -Wno-unused-parameter -Wno-missing-field-initializers      CMakeFiles/cmTryCompileExec1869662314.dir/CheckIncludeFiles.c.o  -o cmTryCompileExec1869662314 -rdynamic 
gmake[1]: Leaving directory `/home/ares/Developer/speed-dream-2.0/speed/build/CMakeFiles/CMakeTmp'


Determining if files stdint.h exist passed with the following output:
Change Dir: /home/ares/Developer/speed-dream-2.0/speed/build/CMakeFiles/CMakeTmp

Run Build Command:/usr/bin/gmake "cmTryCompileExec188359272/fast"
/usr/bin/gmake -f CMakeFiles/cmTryCompileExec188359272.dir/build.make CMakeFiles/cmTryCompileExec188359272.dir/build
gmake[1]: Entering directory `/home/ares/Developer/speed-dream-2.0/speed/build/CMakeFiles/CMakeTmp'
/usr/bin/cmake -E cmake_progress_report /home/ares/Developer/speed-dream-2.0/speed/build/CMakeFiles/CMakeTmp/CMakeFiles 1
Building C object CMakeFiles/cmTryCompileExec188359272.dir/CheckIncludeFiles.c.o
/usr/bin/gcc   -Wall -Wextra -Wno-unused-parameter -Wno-missing-field-initializers     -o CMakeFiles/cmTryCompileExec188359272.dir/CheckIncludeFiles.c.o   -c /home/ares/Developer/speed-dream-2.0/speed/build/CMakeFiles/CMakeTmp/CheckIncludeFiles.c
Linking C executable cmTryCompileExec188359272
/usr/bin/cmake -E cmake_link_script CMakeFiles/cmTryCompileExec188359272.dir/link.txt --verbose=1
/usr/bin/gcc    -Wall -Wextra -Wno-unused-parameter -Wno-missing-field-initializers      CMakeFiles/cmTryCompileExec188359272.dir/CheckIncludeFiles.c.o  -o cmTryCompileExec188359272 -rdynamic 
gmake[1]: Leaving directory `/home/ares/Developer/speed-dream-2.0/speed/build/CMakeFiles/CMakeTmp'


Determining if files stdlib.h exist passed with the following output:
Change Dir: /home/ares/Developer/speed-dream-2.0/speed/build/CMakeFiles/CMakeTmp

Run Build Command:/usr/bin/gmake "cmTryCompileExec905203929/fast"
/usr/bin/gmake -f CMakeFiles/cmTryCompileExec905203929.dir/build.make CMakeFiles/cmTryCompileExec905203929.dir/build
gmake[1]: Entering directory `/home/ares/Developer/speed-dream-2.0/speed/build/CMakeFiles/CMakeTmp'
/usr/bin/cmake -E cmake_progress_report /home/ares/Developer/speed-dream-2.0/speed/build/CMakeFiles/CMakeTmp/CMakeFiles 1
Building C object CMakeFiles/cmTryCompileExec905203929.dir/CheckIncludeFiles.c.o
/usr/bin/gcc   -Wall -Wextra -Wno-unused-parameter -Wno-missing-field-initializers     -o CMakeFiles/cmTryCompileExec905203929.dir/CheckIncludeFiles.c.o   -c /home/ares/Developer/speed-dream-2.0/speed/build/CMakeFiles/CMakeTmp/CheckIncludeFiles.c
Linking C executable cmTryCompileExec905203929
/usr/bin/cmake -E cmake_link_script CMakeFiles/cmTryCompileExec905203929.dir/link.txt --verbose=1
/usr/bin/gcc    -Wall -Wextra -Wno-unused-parameter -Wno-missing-field-initializers      CMakeFiles/cmTryCompileExec905203929.dir/CheckIncludeFiles.c.o  -o cmTryCompileExec905203929 -rdynamic 
gmake[1]: Leaving directory `/home/ares/Developer/speed-dream-2.0/speed/build/CMakeFiles/CMakeTmp'


Determining if files strings.h exist passed with the following output:
Change Dir: /home/ares/Developer/speed-dream-2.0/speed/build/CMakeFiles/CMakeTmp

Run Build Command:/usr/bin/gmake "cmTryCompileExec3544818370/fast"
/usr/bin/gmake -f CMakeFiles/cmTryCompileExec3544818370.dir/build.make CMakeFiles/cmTryCompileExec3544818370.dir/build
gmake[1]: Entering directory `/home/ares/Developer/speed-dream-2.0/speed/build/CMakeFiles/CMakeTmp'
/usr/bin/cmake -E cmake_progress_report /home/ares/Developer/speed-dream-2.0/speed/build/CMakeFiles/CMakeTmp/CMakeFiles 1
Building C object CMakeFiles/cmTryCompileExec3544818370.dir/CheckIncludeFiles.c.o
/usr/bin/gcc   -Wall -Wextra -Wno-unused-parameter -Wno-missing-field-initializers     -o CMakeFiles/cmTryCompileExec3544818370.dir/CheckIncludeFiles.c.o   -c /home/ares/Developer/speed-dream-2.0/speed/build/CMakeFiles/CMakeTmp/CheckIncludeFiles.c
Linking C executable cmTryCompileExec3544818370
/usr/bin/cmake -E cmake_link_script CMakeFiles/cmTryCompileExec3544818370.dir/link.txt --verbose=1
/usr/bin/gcc    -Wall -Wextra -Wno-unused-parameter -Wno-missing-field-initializers      CMakeFiles/cmTryCompileExec3544818370.dir/CheckIncludeFiles.c.o  -o cmTryCompileExec3544818370 -rdynamic 
gmake[1]: Leaving directory `/home/ares/Developer/speed-dream-2.0/speed/build/CMakeFiles/CMakeTmp'


Determining if files string.h exist passed with the following output:
Change Dir: /home/ares/Developer/speed-dream-2.0/speed/build/CMakeFiles/CMakeTmp

Run Build Command:/usr/bin/gmake "cmTryCompileExec2269524799/fast"
/usr/bin/gmake -f CMakeFiles/cmTryCompileExec2269524799.dir/build.make CMakeFiles/cmTryCompileExec2269524799.dir/build
gmake[1]: Entering directory `/home/ares/Developer/speed-dream-2.0/speed/build/CMakeFiles/CMakeTmp'
/usr/bin/cmake -E cmake_progress_report /home/ares/Developer/speed-dream-2.0/speed/build/CMakeFiles/CMakeTmp/CMakeFiles 1
Building C object CMakeFiles/cmTryCompileExec2269524799.dir/CheckIncludeFiles.c.o
/usr/bin/gcc   -Wall -Wextra -Wno-unused-parameter -Wno-missing-field-initializers     -o CMakeFiles/cmTryCompileExec2269524799.dir/CheckIncludeFiles.c.o   -c /home/ares/Developer/speed-dream-2.0/speed/build/CMakeFiles/CMakeTmp/CheckIncludeFiles.c
Linking C executable cmTryCompileExec2269524799
/usr/bin/cmake -E cmake_link_script CMakeFiles/cmTryCompileExec2269524799.dir/link.txt --verbose=1
/usr/bin/gcc    -Wall -Wextra -Wno-unused-parameter -Wno-missing-field-initializers      CMakeFiles/cmTryCompileExec2269524799.dir/CheckIncludeFiles.c.o  -o cmTryCompileExec2269524799 -rdynamic 
gmake[1]: Leaving directory `/home/ares/Developer/speed-dream-2.0/speed/build/CMakeFiles/CMakeTmp'


Determining if files sys/stat.h exist passed with the following output:
Change Dir: /home/ares/Developer/speed-dream-2.0/speed/build/CMakeFiles/CMakeTmp

Run Build Command:/usr/bin/gmake "cmTryCompileExec1160062769/fast"
/usr/bin/gmake -f CMakeFiles/cmTryCompileExec1160062769.dir/build.make CMakeFiles/cmTryCompileExec1160062769.dir/build
gmake[1]: Entering directory `/home/ares/Developer/speed-dream-2.0/speed/build/CMakeFiles/CMakeTmp'
/usr/bin/cmake -E cmake_progress_report /home/ares/Developer/speed-dream-2.0/speed/build/CMakeFiles/CMakeTmp/CMakeFiles 1
Building C object CMakeFiles/cmTryCompileExec1160062769.dir/CheckIncludeFiles.c.o
/usr/bin/gcc   -Wall -Wextra -Wno-unused-parameter -Wno-missing-field-initializers     -o CMakeFiles/cmTryCompileExec1160062769.dir/CheckIncludeFiles.c.o   -c /home/ares/Developer/speed-dream-2.0/speed/build/CMakeFiles/CMakeTmp/CheckIncludeFiles.c
Linking C executable cmTryCompileExec1160062769
/usr/bin/cmake -E cmake_link_script CMakeFiles/cmTryCompileExec1160062769.dir/link.txt --verbose=1
/usr/bin/gcc    -Wall -Wextra -Wno-unused-parameter -Wno-missing-field-initializers      CMakeFiles/cmTryCompileExec1160062769.dir/CheckIncludeFiles.c.o  -o cmTryCompileExec1160062769 -rdynamic 
gmake[1]: Leaving directory `/home/ares/Developer/speed-dream-2.0/speed/build/CMakeFiles/CMakeTmp'


Determining if files sys/types.h exist passed with the following output:
Change Dir: /home/ares/Developer/speed-dream-2.0/speed/build/CMakeFiles/CMakeTmp

Run Build Command:/usr/bin/gmake "cmTryCompileExec970567916/fast"
/usr/bin/gmake -f CMakeFiles/cmTryCompileExec970567916.dir/build.make CMakeFiles/cmTryCompileExec970567916.dir/build
gmake[1]: Entering directory `/home/ares/Developer/speed-dream-2.0/speed/build/CMakeFiles/CMakeTmp'
/usr/bin/cmake -E cmake_progress_report /home/ares/Developer/speed-dream-2.0/speed/build/CMakeFiles/CMakeTmp/CMakeFiles 1
Building C object CMakeFiles/cmTryCompileExec970567916.dir/CheckIncludeFiles.c.o
/usr/bin/gcc   -Wall -Wextra -Wno-unused-parameter -Wno-missing-field-initializers     -o CMakeFiles/cmTryCompileExec970567916.dir/CheckIncludeFiles.c.o   -c /home/ares/Developer/speed-dream-2.0/speed/build/CMakeFiles/CMakeTmp/CheckIncludeFiles.c
Linking C executable cmTryCompileExec970567916
/usr/bin/cmake -E cmake_link_script CMakeFiles/cmTryCompileExec970567916.dir/link.txt --verbose=1
/usr/bin/gcc    -Wall -Wextra -Wno-unused-parameter -Wno-missing-field-initializers      CMakeFiles/cmTryCompileExec970567916.dir/CheckIncludeFiles.c.o  -o cmTryCompileExec970567916 -rdynamic 
gmake[1]: Leaving directory `/home/ares/Developer/speed-dream-2.0/speed/build/CMakeFiles/CMakeTmp'


Determining if files unistd.h exist passed with the following output:
Change Dir: /home/ares/Developer/speed-dream-2.0/speed/build/CMakeFiles/CMakeTmp

Run Build Command:/usr/bin/gmake "cmTryCompileExec701058723/fast"
/usr/bin/gmake -f CMakeFiles/cmTryCompileExec701058723.dir/build.make CMakeFiles/cmTryCompileExec701058723.dir/build
gmake[1]: Entering directory `/home/ares/Developer/speed-dream-2.0/speed/build/CMakeFiles/CMakeTmp'
/usr/bin/cmake -E cmake_progress_report /home/ares/Developer/speed-dream-2.0/speed/build/CMakeFiles/CMakeTmp/CMakeFiles 1
Building C object CMakeFiles/cmTryCompileExec701058723.dir/CheckIncludeFiles.c.o
/usr/bin/gcc   -Wall -Wextra -Wno-unused-parameter -Wno-missing-field-initializers     -o CMakeFiles/cmTryCompileExec701058723.dir/CheckIncludeFiles.c.o   -c /home/ares/Developer/speed-dream-2.0/speed/build/CMakeFiles/CMakeTmp/CheckIncludeFiles.c
Linking C executable cmTryCompileExec701058723
/usr/bin/cmake -E cmake_link_script CMakeFiles/cmTryCompileExec701058723.dir/link.txt --verbose=1
/usr/bin/gcc    -Wall -Wextra -Wno-unused-parameter -Wno-missing-field-initializers      CMakeFiles/cmTryCompileExec701058723.dir/CheckIncludeFiles.c.o  -o cmTryCompileExec701058723 -rdynamic 
gmake[1]: Leaving directory `/home/ares/Developer/speed-dream-2.0/speed/build/CMakeFiles/CMakeTmp'


Determining if the function strndup exists passed with the following output:
Change Dir: /home/ares/Developer/speed-dream-2.0/speed/build/CMakeFiles/CMakeTmp

Run Build Command:/usr/bin/gmake "cmTryCompileExec731015695/fast"
/usr/bin/gmake -f CMakeFiles/cmTryCompileExec731015695.dir/build.make CMakeFiles/cmTryCompileExec731015695.dir/build
gmake[1]: Entering directory `/home/ares/Developer/speed-dream-2.0/speed/build/CMakeFiles/CMakeTmp'
/usr/bin/cmake -E cmake_progress_report /home/ares/Developer/speed-dream-2.0/speed/build/CMakeFiles/CMakeTmp/CMakeFiles 1
Building C object CMakeFiles/cmTryCompileExec731015695.dir/CheckFunctionExists.c.o
/usr/bin/gcc   -Wall -Wextra -Wno-unused-parameter -Wno-missing-field-initializers  -DCHECK_FUNCTION_EXISTS=strndup   -o CMakeFiles/cmTryCompileExec731015695.dir/CheckFunctionExists.c.o   -c /usr/share/cmake-2.8/Modules/CheckFunctionExists.c
/usr/share/cmake-2.8/Modules/CheckFunctionExists.c:3:6: warning: conflicting types for built-in function ‘strndup’ [enabled by default]
Linking C executable cmTryCompileExec731015695
/usr/bin/cmake -E cmake_link_script CMakeFiles/cmTryCompileExec731015695.dir/link.txt --verbose=1
/usr/bin/gcc    -Wall -Wextra -Wno-unused-parameter -Wno-missing-field-initializers  -DCHECK_FUNCTION_EXISTS=strndup    CMakeFiles/cmTryCompileExec731015695.dir/CheckFunctionExists.c.o  -o cmTryCompileExec731015695 -rdynamic 
gmake[1]: Leaving directory `/home/ares/Developer/speed-dream-2.0/speed/build/CMakeFiles/CMakeTmp'


Determining if the function strtok_r exists passed with the following output:
Change Dir: /home/ares/Developer/speed-dream-2.0/speed/build/CMakeFiles/CMakeTmp

Run Build Command:/usr/bin/gmake "cmTryCompileExec2282413706/fast"
/usr/bin/gmake -f CMakeFiles/cmTryCompileExec2282413706.dir/build.make CMakeFiles/cmTryCompileExec2282413706.dir/build
gmake[1]: Entering directory `/home/ares/Developer/speed-dream-2.0/speed/build/CMakeFiles/CMakeTmp'
/usr/bin/cmake -E cmake_progress_report /home/ares/Developer/speed-dream-2.0/speed/build/CMakeFiles/CMakeTmp/CMakeFiles 1
Building C object CMakeFiles/cmTryCompileExec2282413706.dir/CheckFunctionExists.c.o
/usr/bin/gcc   -Wall -Wextra -Wno-unused-parameter -Wno-missing-field-initializers  -DCHECK_FUNCTION_EXISTS=strtok_r   -o CMakeFiles/cmTryCompileExec2282413706.dir/CheckFunctionExists.c.o   -c /usr/share/cmake-2.8/Modules/CheckFunctionExists.c
Linking C executable cmTryCompileExec2282413706
/usr/bin/cmake -E cmake_link_script CMakeFiles/cmTryCompileExec2282413706.dir/link.txt --verbose=1
/usr/bin/gcc    -Wall -Wextra -Wno-unused-parameter -Wno-missing-field-initializers  -DCHECK_FUNCTION_EXISTS=strtok_r    CMakeFiles/cmTryCompileExec2282413706.dir/CheckFunctionExists.c.o  -o cmTryCompileExec2282413706 -rdynamic 
gmake[1]: Leaving directory `/home/ares/Developer/speed-dream-2.0/speed/build/CMakeFiles/CMakeTmp'


Determining if the function isnan exists passed with the following output:
Change Dir: /home/ares/Developer/speed-dream-2.0/speed/build/CMakeFiles/CMakeTmp

Run Build Command:/usr/bin/gmake "cmTryCompileExec3382216289/fast"
/usr/bin/gmake -f CMakeFiles/cmTryCompileExec3382216289.dir/build.make CMakeFiles/cmTryCompileExec3382216289.dir/build
gmake[1]: Entering directory `/home/ares/Developer/speed-dream-2.0/speed/build/CMakeFiles/CMakeTmp'
/usr/bin/cmake -E cmake_progress_report /home/ares/Developer/speed-dream-2.0/speed/build/CMakeFiles/CMakeTmp/CMakeFiles 1
Building C object CMakeFiles/cmTryCompileExec3382216289.dir/CheckFunctionExists.c.o
/usr/bin/gcc   -Wall -Wextra -Wno-unused-parameter -Wno-missing-field-initializers  -DCHECK_FUNCTION_EXISTS=isnan   -o CMakeFiles/cmTryCompileExec3382216289.dir/CheckFunctionExists.c.o   -c /usr/share/cmake-2.8/Modules/CheckFunctionExists.c
/usr/share/cmake-2.8/Modules/CheckFunctionExists.c:3:6: warning: conflicting types for built-in function ‘isnan’ [enabled by default]
Linking C executable cmTryCompileExec3382216289
/usr/bin/cmake -E cmake_link_script CMakeFiles/cmTryCompileExec3382216289.dir/link.txt --verbose=1
/usr/bin/gcc    -Wall -Wextra -Wno-unused-parameter -Wno-missing-field-initializers  -DCHECK_FUNCTION_EXISTS=isnan    CMakeFiles/cmTryCompileExec3382216289.dir/CheckFunctionExists.c.o  -o cmTryCompileExec3382216289 -rdynamic 
gmake[1]: Leaving directory `/home/ares/Developer/speed-dream-2.0/speed/build/CMakeFiles/CMakeTmp'


Determining if the function XOpenDisplay exists in the /usr/lib/x86_64-linux-gnu/libX11.so;/usr/lib/x86_64-linux-gnu/libXext.so passed with the following output:
Change Dir: /home/ares/Developer/speed-dream-2.0/speed/build/CMakeFiles/CMakeTmp

Run Build Command:/usr/bin/gmake "cmTryCompileExec136540244/fast"
/usr/bin/gmake -f CMakeFiles/cmTryCompileExec136540244.dir/build.make CMakeFiles/cmTryCompileExec136540244.dir/build
gmake[1]: Entering directory `/home/ares/Developer/speed-dream-2.0/speed/build/CMakeFiles/CMakeTmp'
/usr/bin/cmake -E cmake_progress_report /home/ares/Developer/speed-dream-2.0/speed/build/CMakeFiles/CMakeTmp/CMakeFiles 1
Building C object CMakeFiles/cmTryCompileExec136540244.dir/CheckFunctionExists.c.o
/usr/bin/gcc   -Wall -Wextra -Wno-unused-parameter -Wno-missing-field-initializers  -DCHECK_FUNCTION_EXISTS=XOpenDisplay   -o CMakeFiles/cmTryCompileExec136540244.dir/CheckFunctionExists.c.o   -c /usr/share/cmake-2.8/Modules/CheckFunctionExists.c
Linking C executable cmTryCompileExec136540244
/usr/bin/cmake -E cmake_link_script CMakeFiles/cmTryCompileExec136540244.dir/link.txt --verbose=1
/usr/bin/gcc    -Wall -Wextra -Wno-unused-parameter -Wno-missing-field-initializers  -DCHECK_FUNCTION_EXISTS=XOpenDisplay    CMakeFiles/cmTryCompileExec136540244.dir/CheckFunctionExists.c.o  -o cmTryCompileExec136540244 -rdynamic -lX11 -lXext 
gmake[1]: Leaving directory `/home/ares/Developer/speed-dream-2.0/speed/build/CMakeFiles/CMakeTmp'


Determining if the function gethostbyname exists passed with the following output:
Change Dir: /home/ares/Developer/speed-dream-2.0/speed/build/CMakeFiles/CMakeTmp

Run Build Command:/usr/bin/gmake "cmTryCompileExec990785437/fast"
/usr/bin/gmake -f CMakeFiles/cmTryCompileExec990785437.dir/build.make CMakeFiles/cmTryCompileExec990785437.dir/build
gmake[1]: Entering directory `/home/ares/Developer/speed-dream-2.0/speed/build/CMakeFiles/CMakeTmp'
/usr/bin/cmake -E cmake_progress_report /home/ares/Developer/speed-dream-2.0/speed/build/CMakeFiles/CMakeTmp/CMakeFiles 1
Building C object CMakeFiles/cmTryCompileExec990785437.dir/CheckFunctionExists.c.o
/usr/bin/gcc   -Wall -Wextra -Wno-unused-parameter -Wno-missing-field-initializers  -DCHECK_FUNCTION_EXISTS=gethostbyname   -o CMakeFiles/cmTryCompileExec990785437.dir/CheckFunctionExists.c.o   -c /usr/share/cmake-2.8/Modules/CheckFunctionExists.c
Linking C executable cmTryCompileExec990785437
/usr/bin/cmake -E cmake_link_script CMakeFiles/cmTryCompileExec990785437.dir/link.txt --verbose=1
/usr/bin/gcc    -Wall -Wextra -Wno-unused-parameter -Wno-missing-field-initializers  -DCHECK_FUNCTION_EXISTS=gethostbyname    CMakeFiles/cmTryCompileExec990785437.dir/CheckFunctionExists.c.o  -o cmTryCompileExec990785437 -rdynamic 
gmake[1]: Leaving directory `/home/ares/Developer/speed-dream-2.0/speed/build/CMakeFiles/CMakeTmp'


Determining if the function connect exists passed with the following output:
Change Dir: /home/ares/Developer/speed-dream-2.0/speed/build/CMakeFiles/CMakeTmp

Run Build Command:/usr/bin/gmake "cmTryCompileExec457275356/fast"
/usr/bin/gmake -f CMakeFiles/cmTryCompileExec457275356.dir/build.make CMakeFiles/cmTryCompileExec457275356.dir/build
gmake[1]: Entering directory `/home/ares/Developer/speed-dream-2.0/speed/build/CMakeFiles/CMakeTmp'
/usr/bin/cmake -E cmake_progress_report /home/ares/Developer/speed-dream-2.0/speed/build/CMakeFiles/CMakeTmp/CMakeFiles 1
Building C object CMakeFiles/cmTryCompileExec457275356.dir/CheckFunctionExists.c.o
/usr/bin/gcc   -Wall -Wextra -Wno-unused-parameter -Wno-missing-field-initializers  -DCHECK_FUNCTION_EXISTS=connect   -o CMakeFiles/cmTryCompileExec457275356.dir/CheckFunctionExists.c.o   -c /usr/share/cmake-2.8/Modules/CheckFunctionExists.c
Linking C executable cmTryCompileExec457275356
/usr/bin/cmake -E cmake_link_script CMakeFiles/cmTryCompileExec457275356.dir/link.txt --verbose=1
/usr/bin/gcc    -Wall -Wextra -Wno-unused-parameter -Wno-missing-field-initializers  -DCHECK_FUNCTION_EXISTS=connect    CMakeFiles/cmTryCompileExec457275356.dir/CheckFunctionExists.c.o  -o cmTryCompileExec457275356 -rdynamic 
gmake[1]: Leaving directory `/home/ares/Developer/speed-dream-2.0/speed/build/CMakeFiles/CMakeTmp'


Determining if the function remove exists passed with the following output:
Change Dir: /home/ares/Developer/speed-dream-2.0/speed/build/CMakeFiles/CMakeTmp

Run Build Command:/usr/bin/gmake "cmTryCompileExec2674013821/fast"
/usr/bin/gmake -f CMakeFiles/cmTryCompileExec2674013821.dir/build.make CMakeFiles/cmTryCompileExec2674013821.dir/build
gmake[1]: Entering directory `/home/ares/Developer/speed-dream-2.0/speed/build/CMakeFiles/CMakeTmp'
/usr/bin/cmake -E cmake_progress_report /home/ares/Developer/speed-dream-2.0/speed/build/CMakeFiles/CMakeTmp/CMakeFiles 1
Building C object CMakeFiles/cmTryCompileExec2674013821.dir/CheckFunctionExists.c.o
/usr/bin/gcc   -Wall -Wextra -Wno-unused-parameter -Wno-missing-field-initializers  -DCHECK_FUNCTION_EXISTS=remove   -o CMakeFiles/cmTryCompileExec2674013821.dir/CheckFunctionExists.c.o   -c /usr/share/cmake-2.8/Modules/CheckFunctionExists.c
Linking C executable cmTryCompileExec2674013821
/usr/bin/cmake -E cmake_link_script CMakeFiles/cmTryCompileExec2674013821.dir/link.txt --verbose=1
/usr/bin/gcc    -Wall -Wextra -Wno-unused-parameter -Wno-missing-field-initializers  -DCHECK_FUNCTION_EXISTS=remove    CMakeFiles/cmTryCompileExec2674013821.dir/CheckFunctionExists.c.o  -o cmTryCompileExec2674013821 -rdynamic 
gmake[1]: Leaving directory `/home/ares/Developer/speed-dream-2.0/speed/build/CMakeFiles/CMakeTmp'


Determining if the function shmat exists passed with the following output:
Change Dir: /home/ares/Developer/speed-dream-2.0/speed/build/CMakeFiles/CMakeTmp

Run Build Command:/usr/bin/gmake "cmTryCompileExec4292176186/fast"
/usr/bin/gmake -f CMakeFiles/cmTryCompileExec4292176186.dir/build.make CMakeFiles/cmTryCompileExec4292176186.dir/build
gmake[1]: Entering directory `/home/ares/Developer/speed-dream-2.0/speed/build/CMakeFiles/CMakeTmp'
/usr/bin/cmake -E cmake_progress_report /home/ares/Developer/speed-dream-2.0/speed/build/CMakeFiles/CMakeTmp/CMakeFiles 1
Building C object CMakeFiles/cmTryCompileExec4292176186.dir/CheckFunctionExists.c.o
/usr/bin/gcc   -Wall -Wextra -Wno-unused-parameter -Wno-missing-field-initializers  -DCHECK_FUNCTION_EXISTS=shmat   -o CMakeFiles/cmTryCompileExec4292176186.dir/CheckFunctionExists.c.o   -c /usr/share/cmake-2.8/Modules/CheckFunctionExists.c
Linking C executable cmTryCompileExec4292176186
/usr/bin/cmake -E cmake_link_script CMakeFiles/cmTryCompileExec4292176186.dir/link.txt --verbose=1
/usr/bin/gcc    -Wall -Wextra -Wno-unused-parameter -Wno-missing-field-initializers  -DCHECK_FUNCTION_EXISTS=shmat    CMakeFiles/cmTryCompileExec4292176186.dir/CheckFunctionExists.c.o  -o cmTryCompileExec4292176186 -rdynamic 
gmake[1]: Leaving directory `/home/ares/Developer/speed-dream-2.0/speed/build/CMakeFiles/CMakeTmp'


Determining if the function IceConnectionNumber exists in the ICE passed with the following output:
Change Dir: /home/ares/Developer/speed-dream-2.0/speed/build/CMakeFiles/CMakeTmp

Run Build Command:/usr/bin/gmake "cmTryCompileExec317777835/fast"
/usr/bin/gmake -f CMakeFiles/cmTryCompileExec317777835.dir/build.make CMakeFiles/cmTryCompileExec317777835.dir/build
gmake[1]: Entering directory `/home/ares/Developer/speed-dream-2.0/speed/build/CMakeFiles/CMakeTmp'
/usr/bin/cmake -E cmake_progress_report /home/ares/Developer/speed-dream-2.0/speed/build/CMakeFiles/CMakeTmp/CMakeFiles 1
Building C object CMakeFiles/cmTryCompileExec317777835.dir/CheckFunctionExists.c.o
/usr/bin/gcc   -Wall -Wextra -Wno-unused-parameter -Wno-missing-field-initializers  -DCHECK_FUNCTION_EXISTS=IceConnectionNumber   -o CMakeFiles/cmTryCompileExec317777835.dir/CheckFunctionExists.c.o   -c /usr/share/cmake-2.8/Modules/CheckFunctionExists.c
Linking C executable cmTryCompileExec317777835
/usr/bin/cmake -E cmake_link_script CMakeFiles/cmTryCompileExec317777835.dir/link.txt --verbose=1
/usr/bin/gcc    -Wall -Wextra -Wno-unused-parameter -Wno-missing-field-initializers  -DCHECK_FUNCTION_EXISTS=IceConnectionNumber    CMakeFiles/cmTryCompileExec317777835.dir/CheckFunctionExists.c.o  -o cmTryCompileExec317777835 -rdynamic -lICE 
gmake[1]: Leaving directory `/home/ares/Developer/speed-dream-2.0/speed/build/CMakeFiles/CMakeTmp'


Determining if the function sin exists in the m passed with the following output:
Change Dir: /home/ares/Developer/speed-dream-2.0/speed/build/CMakeFiles/CMakeTmp

Run Build Command:/usr/bin/gmake "cmTryCompileExec3551061016/fast"
/usr/bin/gmake -f CMakeFiles/cmTryCompileExec3551061016.dir/build.make CMakeFiles/cmTryCompileExec3551061016.dir/build
gmake[1]: Entering directory `/home/ares/Developer/speed-dream-2.0/speed/build/CMakeFiles/CMakeTmp'
/usr/bin/cmake -E cmake_progress_report /home/ares/Developer/speed-dream-2.0/speed/build/CMakeFiles/CMakeTmp/CMakeFiles 1
Building C object CMakeFiles/cmTryCompileExec3551061016.dir/CheckFunctionExists.c.o
/usr/bin/gcc   -Wall -Wextra -Wno-unused-parameter -Wno-missing-field-initializers  -DCHECK_FUNCTION_EXISTS=sin   -o CMakeFiles/cmTryCompileExec3551061016.dir/CheckFunctionExists.c.o   -c /usr/share/cmake-2.8/Modules/CheckFunctionExists.c
/usr/share/cmake-2.8/Modules/CheckFunctionExists.c:3:6: warning: conflicting types for built-in function ‘sin’ [enabled by default]
Linking C executable cmTryCompileExec3551061016
/usr/bin/cmake -E cmake_link_script CMakeFiles/cmTryCompileExec3551061016.dir/link.txt --verbose=1
/usr/bin/gcc    -Wall -Wextra -Wno-unused-parameter -Wno-missing-field-initializers  -DCHECK_FUNCTION_EXISTS=sin    CMakeFiles/cmTryCompileExec3551061016.dir/CheckFunctionExists.c.o  -o cmTryCompileExec3551061016 -rdynamic -lm 
gmake[1]: Leaving directory `/home/ares/Developer/speed-dream-2.0/speed/build/CMakeFiles/CMakeTmp'


Determining if the function XShmCreateImage exists in the Xext passed with the following output:
Change Dir: /home/ares/Developer/speed-dream-2.0/speed/build/CMakeFiles/CMakeTmp

Run Build Command:/usr/bin/gmake "cmTryCompileExec2174233645/fast"
/usr/bin/gmake -f CMakeFiles/cmTryCompileExec2174233645.dir/build.make CMakeFiles/cmTryCompileExec2174233645.dir/build
gmake[1]: Entering directory `/home/ares/Developer/speed-dream-2.0/speed/build/CMakeFiles/CMakeTmp'
/usr/bin/cmake -E cmake_progress_report /home/ares/Developer/speed-dream-2.0/speed/build/CMakeFiles/CMakeTmp/CMakeFiles 1
Building C object CMakeFiles/cmTryCompileExec2174233645.dir/CheckFunctionExists.c.o
/usr/bin/gcc   -Wall -Wextra -Wno-unused-parameter -Wno-missing-field-initializers  -DCHECK_FUNCTION_EXISTS=XShmCreateImage   -o CMakeFiles/cmTryCompileExec2174233645.dir/CheckFunctionExists.c.o   -c /usr/share/cmake-2.8/Modules/CheckFunctionExists.c
Linking C executable cmTryCompileExec2174233645
/usr/bin/cmake -E cmake_link_script CMakeFiles/cmTryCompileExec2174233645.dir/link.txt --verbose=1
/usr/bin/gcc    -Wall -Wextra -Wno-unused-parameter -Wno-missing-field-initializers  -DCHECK_FUNCTION_EXISTS=XShmCreateImage    CMakeFiles/cmTryCompileExec2174233645.dir/CheckFunctionExists.c.o  -o cmTryCompileExec2174233645 -rdynamic -lXext 
gmake[1]: Leaving directory `/home/ares/Developer/speed-dream-2.0/speed/build/CMakeFiles/CMakeTmp'


Determining if the function IceSetIOErrorHandler exists in the ICE passed with the following output:
Change Dir: /home/ares/Developer/speed-dream-2.0/speed/build/CMakeFiles/CMakeTmp

Run Build Command:/usr/bin/gmake "cmTryCompileExec1044038349/fast"
/usr/bin/gmake -f CMakeFiles/cmTryCompileExec1044038349.dir/build.make CMakeFiles/cmTryCompileExec1044038349.dir/build
gmake[1]: Entering directory `/home/ares/Developer/speed-dream-2.0/speed/build/CMakeFiles/CMakeTmp'
/usr/bin/cmake -E cmake_progress_report /home/ares/Developer/speed-dream-2.0/speed/build/CMakeFiles/CMakeTmp/CMakeFiles 1
Building C object CMakeFiles/cmTryCompileExec1044038349.dir/CheckFunctionExists.c.o
/usr/bin/gcc   -Wall -Wextra -Wno-unused-parameter -Wno-missing-field-initializers  -DCHECK_FUNCTION_EXISTS=IceSetIOErrorHandler   -o CMakeFiles/cmTryCompileExec1044038349.dir/CheckFunctionExists.c.o   -c /usr/share/cmake-2.8/Modules/CheckFunctionExists.c
Linking C executable cmTryCompileExec1044038349
/usr/bin/cmake -E cmake_link_script CMakeFiles/cmTryCompileExec1044038349.dir/link.txt --verbose=1
/usr/bin/gcc    -Wall -Wextra -Wno-unused-parameter -Wno-missing-field-initializers  -DCHECK_FUNCTION_EXISTS=IceSetIOErrorHandler    CMakeFiles/cmTryCompileExec1044038349.dir/CheckFunctionExists.c.o  -o cmTryCompileExec1044038349 -rdynamic -lICE 
gmake[1]: Leaving directory `/home/ares/Developer/speed-dream-2.0/speed/build/CMakeFiles/CMakeTmp'


Determining if the function SmsSetErrorHandler exists in the SM passed with the following output:
Change Dir: /home/ares/Developer/speed-dream-2.0/speed/build/CMakeFiles/CMakeTmp

Run Build Command:/usr/bin/gmake "cmTryCompileExec4270430967/fast"
/usr/bin/gmake -f CMakeFiles/cmTryCompileExec4270430967.dir/build.make CMakeFiles/cmTryCompileExec4270430967.dir/build
gmake[1]: Entering directory `/home/ares/Developer/speed-dream-2.0/speed/build/CMakeFiles/CMakeTmp'
/usr/bin/cmake -E cmake_progress_report /home/ares/Developer/speed-dream-2.0/speed/build/CMakeFiles/CMakeTmp/CMakeFiles 1
Building C object CMakeFiles/cmTryCompileExec4270430967.dir/CheckFunctionExists.c.o
/usr/bin/gcc   -Wall -Wextra -Wno-unused-parameter -Wno-missing-field-initializers  -DCHECK_FUNCTION_EXISTS=SmsSetErrorHandler   -o CMakeFiles/cmTryCompileExec4270430967.dir/CheckFunctionExists.c.o   -c /usr/share/cmake-2.8/Modules/CheckFunctionExists.c
Linking C executable cmTryCompileExec4270430967
/usr/bin/cmake -E cmake_link_script CMakeFiles/cmTryCompileExec4270430967.dir/link.txt --verbose=1
/usr/bin/gcc    -Wall -Wextra -Wno-unused-parameter -Wno-missing-field-initializers  -DCHECK_FUNCTION_EXISTS=SmsSetErrorHandler    CMakeFiles/cmTryCompileExec4270430967.dir/CheckFunctionExists.c.o  -o cmTryCompileExec4270430967 -rdynamic -lSM 
gmake[1]: Leaving directory `/home/ares/Developer/speed-dream-2.0/speed/build/CMakeFiles/CMakeTmp'


Determining if the function XtDisplay exists in the Xt passed with the following output:
Change Dir: /home/ares/Developer/speed-dream-2.0/speed/build/CMakeFiles/CMakeTmp

Run Build Command:/usr/bin/gmake "cmTryCompileExec1860185550/fast"
/usr/bin/gmake -f CMakeFiles/cmTryCompileExec1860185550.dir/build.make CMakeFiles/cmTryCompileExec1860185550.dir/build
gmake[1]: Entering directory `/home/ares/Developer/speed-dream-2.0/speed/build/CMakeFiles/CMakeTmp'
/usr/bin/cmake -E cmake_progress_report /home/ares/Developer/speed-dream-2.0/speed/build/CMakeFiles/CMakeTmp/CMakeFiles 1
Building C object CMakeFiles/cmTryCompileExec1860185550.dir/CheckFunctionExists.c.o
/usr/bin/gcc   -Wall -Wextra -Wno-unused-parameter -Wno-missing-field-initializers  -DCHECK_FUNCTION_EXISTS=XtDisplay   -o CMakeFiles/cmTryCompileExec1860185550.dir/CheckFunctionExists.c.o   -c /usr/share/cmake-2.8/Modules/CheckFunctionExists.c
Linking C executable cmTryCompileExec1860185550
/usr/bin/cmake -E cmake_link_script CMakeFiles/cmTryCompileExec1860185550.dir/link.txt --verbose=1
/usr/bin/gcc    -Wall -Wextra -Wno-unused-parameter -Wno-missing-field-initializers  -DCHECK_FUNCTION_EXISTS=XtDisplay    CMakeFiles/cmTryCompileExec1860185550.dir/CheckFunctionExists.c.o  -o cmTryCompileExec1860185550 -rdynamic -lXt 
gmake[1]: Leaving directory `/home/ares/Developer/speed-dream-2.0/speed/build/CMakeFiles/CMakeTmp'


Determining if the function XOpenDevice exists in the Xi passed with the following output:
Change Dir: /home/ares/Developer/speed-dream-2.0/speed/build/CMakeFiles/CMakeTmp

Run Build Command:/usr/bin/gmake "cmTryCompileExec2191976055/fast"
/usr/bin/gmake -f CMakeFiles/cmTryCompileExec2191976055.dir/build.make CMakeFiles/cmTryCompileExec2191976055.dir/build
gmake[1]: Entering directory `/home/ares/Developer/speed-dream-2.0/speed/build/CMakeFiles/CMakeTmp'
/usr/bin/cmake -E cmake_progress_report /home/ares/Developer/speed-dream-2.0/speed/build/CMakeFiles/CMakeTmp/CMakeFiles 1
Building C object CMakeFiles/cmTryCompileExec2191976055.dir/CheckFunctionExists.c.o
/usr/bin/gcc   -Wall -Wextra -Wno-unused-parameter -Wno-missing-field-initializers  -DCHECK_FUNCTION_EXISTS=XOpenDevice   -o CMakeFiles/cmTryCompileExec2191976055.dir/CheckFunctionExists.c.o   -c /usr/share/cmake-2.8/Modules/CheckFunctionExists.c
Linking C executable cmTryCompileExec2191976055
/usr/bin/cmake -E cmake_link_script CMakeFiles/cmTryCompileExec2191976055.dir/link.txt --verbose=1
/usr/bin/gcc    -Wall -Wextra -Wno-unused-parameter -Wno-missing-field-initializers  -DCHECK_FUNCTION_EXISTS=XOpenDevice    CMakeFiles/cmTryCompileExec2191976055.dir/CheckFunctionExists.c.o  -o cmTryCompileExec2191976055 -rdynamic -lXi 
gmake[1]: Leaving directory `/home/ares/Developer/speed-dream-2.0/speed/build/CMakeFiles/CMakeTmp'


Determining if the function XmuSimpleErrorHandler exists in the Xmu passed with the following output:
Change Dir: /home/ares/Developer/speed-dream-2.0/speed/build/CMakeFiles/CMakeTmp

Run Build Command:/usr/bin/gmake "cmTryCompileExec3961945482/fast"
/usr/bin/gmake -f CMakeFiles/cmTryCompileExec3961945482.dir/build.make CMakeFiles/cmTryCompileExec3961945482.dir/build
gmake[1]: Entering directory `/home/ares/Developer/speed-dream-2.0/speed/build/CMakeFiles/CMakeTmp'
/usr/bin/cmake -E cmake_progress_report /home/ares/Developer/speed-dream-2.0/speed/build/CMakeFiles/CMakeTmp/CMakeFiles 1
Building C object CMakeFiles/cmTryCompileExec3961945482.dir/CheckFunctionExists.c.o
/usr/bin/gcc   -Wall -Wextra -Wno-unused-parameter -Wno-missing-field-initializers  -DCHECK_FUNCTION_EXISTS=XmuSimpleErrorHandler   -o CMakeFiles/cmTryCompileExec3961945482.dir/CheckFunctionExists.c.o   -c /usr/share/cmake-2.8/Modules/CheckFunctionExists.c
Linking C executable cmTryCompileExec3961945482
/usr/bin/cmake -E cmake_link_script CMakeFiles/cmTryCompileExec3961945482.dir/link.txt --verbose=1
/usr/bin/gcc    -Wall -Wextra -Wno-unused-parameter -Wno-missing-field-initializers  -DCHECK_FUNCTION_EXISTS=XmuSimpleErrorHandler    CMakeFiles/cmTryCompileExec3961945482.dir/CheckFunctionExists.c.o  -o cmTryCompileExec3961945482 -rdynamic -lXmu 
gmake[1]: Leaving directory `/home/ares/Developer/speed-dream-2.0/speed/build/CMakeFiles/CMakeTmp'


Determining if the function XF86VidModeSetViewPort exists in the Xxf86vm passed with the following output:
Change Dir: /home/ares/Developer/speed-dream-2.0/speed/build/CMakeFiles/CMakeTmp

Run Build Command:/usr/bin/gmake "cmTryCompileExec1534553404/fast"
/usr/bin/gmake -f CMakeFiles/cmTryCompileExec1534553404.dir/build.make CMakeFiles/cmTryCompileExec1534553404.dir/build
gmake[1]: Entering directory `/home/ares/Developer/speed-dream-2.0/speed/build/CMakeFiles/CMakeTmp'
/usr/bin/cmake -E cmake_progress_report /home/ares/Developer/speed-dream-2.0/speed/build/CMakeFiles/CMakeTmp/CMakeFiles 1
Building C object CMakeFiles/cmTryCompileExec1534553404.dir/CheckFunctionExists.c.o
/usr/bin/gcc   -Wall -Wextra -Wno-unused-parameter -Wno-missing-field-initializers  -DCHECK_FUNCTION_EXISTS=XF86VidModeSetViewPort   -o CMakeFiles/cmTryCompileExec1534553404.dir/CheckFunctionExists.c.o   -c /usr/share/cmake-2.8/Modules/CheckFunctionExists.c
Linking C executable cmTryCompileExec1534553404
/usr/bin/cmake -E cmake_link_script CMakeFiles/cmTryCompileExec1534553404.dir/link.txt --verbose=1
/usr/bin/gcc    -Wall -Wextra -Wno-unused-parameter -Wno-missing-field-initializers  -DCHECK_FUNCTION_EXISTS=XF86VidModeSetViewPort    CMakeFiles/cmTryCompileExec1534553404.dir/CheckFunctionExists.c.o  -o cmTryCompileExec1534553404 -rdynamic -lXxf86vm 
gmake[1]: Leaving directory `/home/ares/Developer/speed-dream-2.0/speed/build/CMakeFiles/CMakeTmp'


Determining if the function XRenderSetSubpixelOrder exists in the Xrender passed with the following output:
Change Dir: /home/ares/Developer/speed-dream-2.0/speed/build/CMakeFiles/CMakeTmp

Run Build Command:/usr/bin/gmake "cmTryCompileExec145316994/fast"
/usr/bin/gmake -f CMakeFiles/cmTryCompileExec145316994.dir/build.make CMakeFiles/cmTryCompileExec145316994.dir/build
gmake[1]: Entering directory `/home/ares/Developer/speed-dream-2.0/speed/build/CMakeFiles/CMakeTmp'
/usr/bin/cmake -E cmake_progress_report /home/ares/Developer/speed-dream-2.0/speed/build/CMakeFiles/CMakeTmp/CMakeFiles 1
Building C object CMakeFiles/cmTryCompileExec145316994.dir/CheckFunctionExists.c.o
/usr/bin/gcc   -Wall -Wextra -Wno-unused-parameter -Wno-missing-field-initializers  -DCHECK_FUNCTION_EXISTS=XRenderSetSubpixelOrder   -o CMakeFiles/cmTryCompileExec145316994.dir/CheckFunctionExists.c.o   -c /usr/share/cmake-2.8/Modules/CheckFunctionExists.c
Linking C executable cmTryCompileExec145316994
/usr/bin/cmake -E cmake_link_script CMakeFiles/cmTryCompileExec145316994.dir/link.txt --verbose=1
/usr/bin/gcc    -Wall -Wextra -Wno-unused-parameter -Wno-missing-field-initializers  -DCHECK_FUNCTION_EXISTS=XRenderSetSubpixelOrder    CMakeFiles/cmTryCompileExec145316994.dir/CheckFunctionExists.c.o  -o cmTryCompileExec145316994 -rdynamic -lXrender 
gmake[1]: Leaving directory `/home/ares/Developer/speed-dream-2.0/speed/build/CMakeFiles/CMakeTmp'


Determining if the function XRRQueryVersion exists in the Xrandr passed with the following output:
Change Dir: /home/ares/Developer/speed-dream-2.0/speed/build/CMakeFiles/CMakeTmp

Run Build Command:/usr/bin/gmake "cmTryCompileExec3500508764/fast"
/usr/bin/gmake -f CMakeFiles/cmTryCompileExec3500508764.dir/build.make CMakeFiles/cmTryCompileExec3500508764.dir/build
gmake[1]: Entering directory `/home/ares/Developer/speed-dream-2.0/speed/build/CMakeFiles/CMakeTmp'
/usr/bin/cmake -E cmake_progress_report /home/ares/Developer/speed-dream-2.0/speed/build/CMakeFiles/CMakeTmp/CMakeFiles 1
Building C object CMakeFiles/cmTryCompileExec3500508764.dir/CheckFunctionExists.c.o
/usr/bin/gcc   -Wall -Wextra -Wno-unused-parameter -Wno-missing-field-initializers  -DCHECK_FUNCTION_EXISTS=XRRQueryVersion   -o CMakeFiles/cmTryCompileExec3500508764.dir/CheckFunctionExists.c.o   -c /usr/share/cmake-2.8/Modules/CheckFunctionExists.c
Linking C executable cmTryCompileExec3500508764
/usr/bin/cmake -E cmake_link_script CMakeFiles/cmTryCompileExec3500508764.dir/link.txt --verbose=1
/usr/bin/gcc    -Wall -Wextra -Wno-unused-parameter -Wno-missing-field-initializers  -DCHECK_FUNCTION_EXISTS=XRRQueryVersion    CMakeFiles/cmTryCompileExec3500508764.dir/CheckFunctionExists.c.o  -o cmTryCompileExec3500508764 -rdynamic -lXrandr 
gmake[1]: Leaving directory `/home/ares/Developer/speed-dream-2.0/speed/build/CMakeFiles/CMakeTmp'


Determining if the function dlopen exists in the dl passed with the following output:
Change Dir: /home/ares/Developer/speed-dream-2.0/speed/build/CMakeFiles/CMakeTmp

Run Build Command:/usr/bin/gmake "cmTryCompileExec2180607947/fast"
/usr/bin/gmake -f CMakeFiles/cmTryCompileExec2180607947.dir/build.make CMakeFiles/cmTryCompileExec2180607947.dir/build
gmake[1]: Entering directory `/home/ares/Developer/speed-dream-2.0/speed/build/CMakeFiles/CMakeTmp'
/usr/bin/cmake -E cmake_progress_report /home/ares/Developer/speed-dream-2.0/speed/build/CMakeFiles/CMakeTmp/CMakeFiles 1
Building C object CMakeFiles/cmTryCompileExec2180607947.dir/CheckFunctionExists.c.o
/usr/bin/gcc   -Wall -Wextra -Wno-unused-parameter -Wno-missing-field-initializers  -DCHECK_FUNCTION_EXISTS=dlopen   -o CMakeFiles/cmTryCompileExec2180607947.dir/CheckFunctionExists.c.o   -c /usr/share/cmake-2.8/Modules/CheckFunctionExists.c
Linking C executable cmTryCompileExec2180607947
/usr/bin/cmake -E cmake_link_script CMakeFiles/cmTryCompileExec2180607947.dir/link.txt --verbose=1
/usr/bin/gcc    -Wall -Wextra -Wno-unused-parameter -Wno-missing-field-initializers  -DCHECK_FUNCTION_EXISTS=dlopen    CMakeFiles/cmTryCompileExec2180607947.dir/CheckFunctionExists.c.o  -o cmTryCompileExec2180607947 -rdynamic -ldl 
gmake[1]: Leaving directory `/home/ares/Developer/speed-dream-2.0/speed/build/CMakeFiles/CMakeTmp'


Determining if files pthread.h exist passed with the following output:
Change Dir: /home/ares/Developer/speed-dream-2.0/speed/build/CMakeFiles/CMakeTmp

Run Build Command:/usr/bin/gmake "cmTryCompileExec1490442505/fast"
/usr/bin/gmake -f CMakeFiles/cmTryCompileExec1490442505.dir/build.make CMakeFiles/cmTryCompileExec1490442505.dir/build
gmake[1]: Entering directory `/home/ares/Developer/speed-dream-2.0/speed/build/CMakeFiles/CMakeTmp'
/usr/bin/cmake -E cmake_progress_report /home/ares/Developer/speed-dream-2.0/speed/build/CMakeFiles/CMakeTmp/CMakeFiles 1
Building C object CMakeFiles/cmTryCompileExec1490442505.dir/CheckIncludeFiles.c.o
/usr/bin/gcc   -Wall -Wextra -Wno-unused-parameter -Wno-missing-field-initializers     -o CMakeFiles/cmTryCompileExec1490442505.dir/CheckIncludeFiles.c.o   -c /home/ares/Developer/speed-dream-2.0/speed/build/CMakeFiles/CMakeTmp/CheckIncludeFiles.c
Linking C executable cmTryCompileExec1490442505
/usr/bin/cmake -E cmake_link_script CMakeFiles/cmTryCompileExec1490442505.dir/link.txt --verbose=1
/usr/bin/gcc    -Wall -Wextra -Wno-unused-parameter -Wno-missing-field-initializers      CMakeFiles/cmTryCompileExec1490442505.dir/CheckIncludeFiles.c.o  -o cmTryCompileExec1490442505 -rdynamic 
gmake[1]: Leaving directory `/home/ares/Developer/speed-dream-2.0/speed/build/CMakeFiles/CMakeTmp'


Determining if the function pthread_create exists in the pthread passed with the following output:
Change Dir: /home/ares/Developer/speed-dream-2.0/speed/build/CMakeFiles/CMakeTmp

Run Build Command:/usr/bin/gmake "cmTryCompileExec1264485581/fast"
/usr/bin/gmake -f CMakeFiles/cmTryCompileExec1264485581.dir/build.make CMakeFiles/cmTryCompileExec1264485581.dir/build
gmake[1]: Entering directory `/home/ares/Developer/speed-dream-2.0/speed/build/CMakeFiles/CMakeTmp'
/usr/bin/cmake -E cmake_progress_report /home/ares/Developer/speed-dream-2.0/speed/build/CMakeFiles/CMakeTmp/CMakeFiles 1
Building C object CMakeFiles/cmTryCompileExec1264485581.dir/CheckFunctionExists.c.o
/usr/bin/gcc   -Wall -Wextra -Wno-unused-parameter -Wno-missing-field-initializers  -DCHECK_FUNCTION_EXISTS=pthread_create   -o CMakeFiles/cmTryCompileExec1264485581.dir/CheckFunctionExists.c.o   -c /usr/share/cmake-2.8/Modules/CheckFunctionExists.c
Linking C executable cmTryCompileExec1264485581
/usr/bin/cmake -E cmake_link_script CMakeFiles/cmTryCompileExec1264485581.dir/link.txt --verbose=1
/usr/bin/gcc    -Wall -Wextra -Wno-unused-parameter -Wno-missing-field-initializers  -DCHECK_FUNCTION_EXISTS=pthread_create    CMakeFiles/cmTryCompileExec1264485581.dir/CheckFunctionExists.c.o  -o cmTryCompileExec1264485581 -rdynamic -lpthread 
gmake[1]: Leaving directory `/home/ares/Developer/speed-dream-2.0/speed/build/CMakeFiles/CMakeTmp'


